<?xml version="1.0" encoding="UTF-8"?>
<testsuite name="DataBase.ManagerTest" tests="2" skipped="0" failures="0" errors="0" timestamp="2018-05-30T16:30:03" hostname="DESKTOP-58J3OET" time="0.012">
  <properties/>
  <testcase name="searchIDtest1" classname="DataBase.ManagerTest" time="0.006"/>
  <testcase name="searchIDtest2" classname="DataBase.ManagerTest" time="0.005"/>
  <system-out><![CDATA[]]></system-out>
  <system-err><![CDATA[]]></system-err>
</testsuite>
